<?xml version="1.0" encoding="UTF-8"?>
<!-- Generated by org.testng.reporters.JUnitReportReporter -->
<testsuite hostname="LTIN194564" failures="0" tests="2" name="NewTest" time="0.024" errors="0" timestamp="2024-01-11T10:17:58 IST" skipped="0">
  <testcase classname="NewTest" name="testcase1" time="0.022"/>
  <system-out/>
  <testcase classname="NewTest" name="testcase2" time="0.002"/>
  <system-out/>
</testsuite> <!-- NewTest -->
